build/app/intermediates/manifest_merge_blame_file/release/manifest-merger-blame-release-report.txt
1<?xml version="1.0" encoding="utf-8"?>
2<manifest xmlns:android="http://schemas.android.com/apk/res/android"
3    package="com.example.task"
4    android:versionCode="1"
5    android:versionName="1.0.0" >
6
7    <uses-sdk
8        android:minSdkVersion="16"
8-->src/main/AndroidManifest.xml
9        android:targetSdkVersion="28" />
9-->src/main/AndroidManifest.xml
10
11    <uses-permission android:name="android.permission.READ_EXTERNAL_STORAGE" />
11-->[:image_picker] AndroidManifest.xml:7:5-80
11-->[:image_picker] AndroidManifest.xml:7:22-77
12    <uses-permission android:name="android.permission.WRITE_EXTERNAL_STORAGE" /> <!-- Although the *SdkVersion is captured in gradle build files, this is required for non gradle builds -->
12-->[:image_picker] AndroidManifest.xml:8:5-81
12-->[:image_picker] AndroidManifest.xml:8:22-78
13    <!-- <uses-sdk android:minSdkVersion="14" /> -->
14    <uses-permission android:name="android.permission.ACCESS_NETWORK_STATE" />
14-->[com.google.firebase:firebase-firestore:21.3.0] AndroidManifest.xml:13:5-79
14-->[com.google.firebase:firebase-firestore:21.3.0] AndroidManifest.xml:13:22-76
15    <uses-permission android:name="android.permission.INTERNET" />
15-->[com.google.firebase:firebase-firestore:21.3.0] AndroidManifest.xml:14:5-67
15-->[com.google.firebase:firebase-firestore:21.3.0] AndroidManifest.xml:14:22-64
16    <!--
17 io.flutter.app.FlutterApplication is an android.app.Application that
18         calls FlutterMain.startInitialization(this); in its onCreate method.
19         In most cases you can leave this as-is, but you if you want to provide
20         additional functionality it is fine to subclass or reimplement
21         FlutterApplication and put your custom class here.
22    -->
23    <application
23-->src/main/AndroidManifest.xml:8:5-46:19
24        android:name="io.flutter.app.FlutterApplication"
24-->src/main/AndroidManifest.xml:9:9-57
25        android:appComponentFactory="androidx.core.app.CoreComponentFactory"
25-->[androidx.core:core:1.1.0] AndroidManifest.xml:24:18-86
26        android:icon="@mipmap/ic_launcher"
26-->src/main/AndroidManifest.xml:11:9-43
27        android:label="task" >
27-->src/main/AndroidManifest.xml:10:9-29
28        <activity
28-->src/main/AndroidManifest.xml:12:9-40:20
29            android:name="com.example.task.MainActivity"
29-->src/main/AndroidManifest.xml:13:13-41
30            android:configChanges="orientation|keyboardHidden|keyboard|screenSize|smallestScreenSize|locale|layoutDirection|fontScale|screenLayout|density|uiMode"
30-->src/main/AndroidManifest.xml:16:13-163
31            android:hardwareAccelerated="true"
31-->src/main/AndroidManifest.xml:17:13-47
32            android:launchMode="singleTop"
32-->src/main/AndroidManifest.xml:14:13-43
33            android:theme="@style/LaunchTheme"
33-->src/main/AndroidManifest.xml:15:13-47
34            android:windowSoftInputMode="adjustResize" >
34-->src/main/AndroidManifest.xml:18:13-55
35
36            <!--
37                 Specifies an Android theme to apply to this Activity as soon as
38                 the Android process has started. This theme is visible to the user
39                 while the Flutter UI initializes. After that, this theme continues
40                 to determine the Window background behind the Flutter UI.
41            -->
42            <meta-data
42-->src/main/AndroidManifest.xml:23:13-26:17
43                android:name="io.flutter.embedding.android.NormalTheme"
43-->src/main/AndroidManifest.xml:24:15-70
44                android:resource="@style/NormalTheme" />
44-->src/main/AndroidManifest.xml:25:15-52
45            <!--
46                 Displays an Android View that continues showing the launch screen
47                 Drawable until Flutter paints its first frame, then this splash
48                 screen fades out. A splash screen is useful to avoid any visual
49                 gap between the end of Android's launch screen and the painting of
50                 Flutter's first frame.
51            -->
52            <meta-data
52-->src/main/AndroidManifest.xml:32:13-35:17
53                android:name="io.flutter.embedding.android.SplashScreenDrawable"
53-->src/main/AndroidManifest.xml:33:15-79
54                android:resource="@drawable/launch_background" />
54-->src/main/AndroidManifest.xml:34:15-61
55
56            <intent-filter>
56-->src/main/AndroidManifest.xml:36:13-39:29
57                <action android:name="android.intent.action.MAIN" />
57-->src/main/AndroidManifest.xml:37:17-68
57-->src/main/AndroidManifest.xml:37:25-66
58
59                <category android:name="android.intent.category.LAUNCHER" />
59-->src/main/AndroidManifest.xml:38:17-76
59-->src/main/AndroidManifest.xml:38:27-74
60            </intent-filter>
61        </activity>
62        <!--
63             Don't delete the meta-data below.
64             This is used by the Flutter tool to generate GeneratedPluginRegistrant.java
65        -->
66        <meta-data
66-->src/main/AndroidManifest.xml:43:9-45:33
67            android:name="flutterEmbedding"
67-->src/main/AndroidManifest.xml:44:13-44
68            android:value="2" />
68-->src/main/AndroidManifest.xml:45:13-30
69
70        <provider
70-->[:image_picker] AndroidManifest.xml:11:9-19:20
71            android:name="io.flutter.plugins.imagepicker.ImagePickerFileProvider"
71-->[:image_picker] AndroidManifest.xml:12:13-82
72            android:authorities="com.example.task.flutter.image_provider"
72-->[:image_picker] AndroidManifest.xml:13:13-74
73            android:exported="false"
73-->[:image_picker] AndroidManifest.xml:14:13-37
74            android:grantUriPermissions="true" >
74-->[:image_picker] AndroidManifest.xml:15:13-47
75            <meta-data
75-->[:image_picker] AndroidManifest.xml:16:13-18:75
76                android:name="android.support.FILE_PROVIDER_PATHS"
76-->[:image_picker] AndroidManifest.xml:17:17-67
77                android:resource="@xml/flutter_image_picker_file_paths" />
77-->[:image_picker] AndroidManifest.xml:18:17-72
78        </provider>
79
80        <activity
80-->[:url_launcher] AndroidManifest.xml:8:9-11:74
81            android:name="io.flutter.plugins.urllauncher.WebViewActivity"
81-->[:url_launcher] AndroidManifest.xml:9:13-74
82            android:exported="false"
82-->[:url_launcher] AndroidManifest.xml:10:13-37
83            android:theme="@android:style/Theme.NoTitleBar.Fullscreen" />
83-->[:url_launcher] AndroidManifest.xml:11:13-71
84
85        <service
85-->[:cloud_firestore] AndroidManifest.xml:8:9-12:19
86            android:name="com.google.firebase.components.ComponentDiscoveryService"
86-->[:cloud_firestore] AndroidManifest.xml:8:18-89
87            android:directBootAware="true"
87-->[com.google.firebase:firebase-common:19.3.0] AndroidManifest.xml:34:13-43
88            android:exported="false" >
88-->[com.google.firebase:firebase-firestore:21.3.0] AndroidManifest.xml:19:13-37
89            <meta-data
89-->[:cloud_firestore] AndroidManifest.xml:9:13-11:85
90                android:name="com.google.firebase.components:io.flutter.plugins.firebase.cloudfirestore.FlutterFirebaseAppRegistrar"
90-->[:cloud_firestore] AndroidManifest.xml:10:17-133
91                android:value="com.google.firebase.components.ComponentRegistrar" />
91-->[:cloud_firestore] AndroidManifest.xml:11:17-82
92            <meta-data
92-->[:firebase_core] AndroidManifest.xml:9:13-11:85
93                android:name="com.google.firebase.components:io.flutter.plugins.firebase.core.FlutterFirebaseAppRegistrar"
93-->[:firebase_core] AndroidManifest.xml:10:17-123
94                android:value="com.google.firebase.components.ComponentRegistrar" />
94-->[:firebase_core] AndroidManifest.xml:11:17-82
95            <meta-data
95-->[com.google.firebase:firebase-firestore:21.3.0] AndroidManifest.xml:20:13-22:85
96                android:name="com.google.firebase.components:com.google.firebase.firestore.FirestoreRegistrar"
96-->[com.google.firebase:firebase-firestore:21.3.0] AndroidManifest.xml:21:17-111
97                android:value="com.google.firebase.components.ComponentRegistrar" />
97-->[com.google.firebase:firebase-firestore:21.3.0] AndroidManifest.xml:22:17-82
98        </service>
99
100        <activity
100-->[com.google.android.gms:play-services-base:17.0.0] AndroidManifest.xml:23:9-26:75
101            android:name="com.google.android.gms.common.api.GoogleApiActivity"
101-->[com.google.android.gms:play-services-base:17.0.0] AndroidManifest.xml:24:13-79
102            android:exported="false"
102-->[com.google.android.gms:play-services-base:17.0.0] AndroidManifest.xml:25:13-37
103            android:theme="@android:style/Theme.Translucent.NoTitleBar" />
103-->[com.google.android.gms:play-services-base:17.0.0] AndroidManifest.xml:26:13-72
104
105        <provider
105-->[com.google.firebase:firebase-common:19.3.0] AndroidManifest.xml:26:9-30:39
106            android:name="com.google.firebase.provider.FirebaseInitProvider"
106-->[com.google.firebase:firebase-common:19.3.0] AndroidManifest.xml:27:13-77
107            android:authorities="com.example.task.firebaseinitprovider"
107-->[com.google.firebase:firebase-common:19.3.0] AndroidManifest.xml:28:13-72
108            android:exported="false"
108-->[com.google.firebase:firebase-common:19.3.0] AndroidManifest.xml:29:13-37
109            android:initOrder="100" />
109-->[com.google.firebase:firebase-common:19.3.0] AndroidManifest.xml:30:13-36
110
111        <meta-data
111-->[com.google.android.gms:play-services-basement:17.0.0] AndroidManifest.xml:23:9-25:69
112            android:name="com.google.android.gms.version"
112-->[com.google.android.gms:play-services-basement:17.0.0] AndroidManifest.xml:24:13-58
113            android:value="@integer/google_play_services_version" />
113-->[com.google.android.gms:play-services-basement:17.0.0] AndroidManifest.xml:25:13-66
114    </application>
115
116</manifest>